<?xml version="1.0" encoding="UTF-8"?>
<coverage generated="1664276168751" clover="3.2.0">
  <project timestamp="1664276168751" name="All files">
    <metrics statements="75" coveredstatements="75" conditionals="20" coveredconditionals="19" methods="5" coveredmethods="5" elements="100" coveredelements="99" complexity="0" loc="75" ncloc="75" packages="1" files="1" classes="1"/>
    <file name="index.js" path="/Users/alexanderevdakov/Documents/Katya/frontend-project-46/src/index.js">
      <metrics statements="75" coveredstatements="75" conditionals="20" coveredconditionals="19" methods="5" coveredmethods="5"/>
      <line num="1" count="1" type="stmt"/>
      <line num="2" count="1" type="stmt"/>
      <line num="3" count="1" type="stmt"/>
      <line num="4" count="1" type="stmt"/>
      <line num="5" count="1" type="stmt"/>
      <line num="6" count="1" type="cond" truecount="1" falsecount="0"/>
      <line num="7" count="1" type="cond" truecount="1" falsecount="0"/>
      <line num="8" count="1" type="stmt"/>
      <line num="9" count="1" type="cond" truecount="1" falsecount="0"/>
      <line num="10" count="1" type="stmt"/>
      <line num="11" count="1" type="cond" truecount="1" falsecount="0"/>
      <line num="12" count="1" type="stmt"/>
      <line num="13" count="1" type="stmt"/>
      <line num="14" count="1" type="stmt"/>
      <line num="15" count="1" type="stmt"/>
      <line num="16" count="1" type="cond" truecount="1" falsecount="0"/>
      <line num="17" count="5" type="stmt"/>
      <line num="18" count="5" type="stmt"/>
      <line num="19" count="5" type="cond" truecount="3" falsecount="0"/>
      <line num="20" count="1" type="stmt"/>
      <line num="21" count="1" type="stmt"/>
      <line num="22" count="1" type="stmt"/>
      <line num="23" count="1" type="stmt"/>
      <line num="24" count="1" type="stmt"/>
      <line num="25" count="1" type="stmt"/>
      <line num="26" count="1" type="stmt"/>
      <line num="27" count="5" type="cond" truecount="2" falsecount="0"/>
      <line num="28" count="1" type="stmt"/>
      <line num="29" count="1" type="stmt"/>
      <line num="30" count="1" type="stmt"/>
      <line num="31" count="1" type="stmt"/>
      <line num="32" count="1" type="stmt"/>
      <line num="33" count="1" type="stmt"/>
      <line num="34" count="5" type="cond" truecount="2" falsecount="0"/>
      <line num="35" count="2" type="stmt"/>
      <line num="36" count="2" type="stmt"/>
      <line num="37" count="2" type="stmt"/>
      <line num="38" count="2" type="stmt"/>
      <line num="39" count="2" type="stmt"/>
      <line num="40" count="2" type="stmt"/>
      <line num="41" count="1" type="cond" truecount="1" falsecount="0"/>
      <line num="42" count="1" type="stmt"/>
      <line num="43" count="1" type="stmt"/>
      <line num="44" count="1" type="stmt"/>
      <line num="45" count="1" type="stmt"/>
      <line num="46" count="1" type="stmt"/>
      <line num="47" count="1" type="stmt"/>
      <line num="48" count="1" type="stmt"/>
      <line num="49" count="1" type="stmt"/>
      <line num="50" count="1" type="stmt"/>
      <line num="51" count="1" type="cond" truecount="1" falsecount="0"/>
      <line num="52" count="1" type="stmt"/>
      <line num="53" count="1" type="stmt"/>
      <line num="54" count="1" type="stmt"/>
      <line num="55" count="1" type="stmt"/>
      <line num="56" count="1" type="stmt"/>
      <line num="57" count="1" type="cond" truecount="1" falsecount="0"/>
      <line num="58" count="5" type="stmt"/>
      <line num="59" count="5" type="stmt"/>
      <line num="60" count="5" type="cond" truecount="1" falsecount="0"/>
      <line num="61" count="5" type="stmt"/>
      <line num="62" count="5" type="cond" truecount="1" falsecount="0"/>
      <line num="63" count="5" type="stmt"/>
      <line num="64" count="5" type="cond" truecount="1" falsecount="0"/>
      <line num="65" count="5" type="stmt"/>
      <line num="66" count="5" type="cond" truecount="1" falsecount="0"/>
      <line num="67" count="5" type="stmt"/>
      <line num="68" count="5" type="cond" truecount="0" falsecount="1"/>
      <line num="69" count="5" type="stmt"/>
      <line num="70" count="5" type="stmt"/>
      <line num="71" count="5" type="stmt"/>
      <line num="72" count="1" type="stmt"/>
      <line num="73" count="1" type="stmt"/>
      <line num="74" count="1" type="stmt"/>
      <line num="75" count="1" type="stmt"/>
    </file>
  </project>
</coverage>
