{"/Users/alexanderevdakov/Documents/Katya/frontend-project-46/src/index.js": {"path":"/Users/alexanderevdakov/Documents/Katya/frontend-project-46/src/index.js","all":false,"statementMap":{"0":{"start":{"line":1,"column":0},"end":{"line":1,"column":80}},"1":{"start":{"line":2,"column":0},"end":{"line":2,"column":78}},"2":{"start":{"line":3,"column":0},"end":{"line":3,"column":96}},"3":{"start":{"line":4,"column":0},"end":{"line":4,"column":48}},"4":{"start":{"line":5,"column":0},"end":{"line":5,"column":0}},"5":{"start":{"line":6,"column":0},"end":{"line":6,"column":75}},"6":{"start":{"line":7,"column":0},"end":{"line":7,"column":55}},"7":{"start":{"line":8,"column":0},"end":{"line":8,"column":0}},"8":{"start":{"line":9,"column":0},"end":{"line":9,"column":46}},"9":{"start":{"line":10,"column":0},"end":{"line":10,"column":0}},"10":{"start":{"line":11,"column":0},"end":{"line":11,"column":50}},"11":{"start":{"line":12,"column":0},"end":{"line":12,"column":37}},"12":{"start":{"line":13,"column":0},"end":{"line":13,"column":37}},"13":{"start":{"line":14,"column":0},"end":{"line":14,"column":44}},"14":{"start":{"line":15,"column":0},"end":{"line":15,"column":36}},"15":{"start":{"line":16,"column":0},"end":{"line":16,"column":42}},"16":{"start":{"line":17,"column":0},"end":{"line":17,"column":32}},"17":{"start":{"line":18,"column":0},"end":{"line":18,"column":32}},"18":{"start":{"line":19,"column":0},"end":{"line":19,"column":52}},"19":{"start":{"line":20,"column":0},"end":{"line":20,"column":14}},"20":{"start":{"line":21,"column":0},"end":{"line":21,"column":24}},"21":{"start":{"line":22,"column":0},"end":{"line":22,"column":12}},"22":{"start":{"line":23,"column":0},"end":{"line":23,"column":15}},"23":{"start":{"line":24,"column":0},"end":{"line":24,"column":15}},"24":{"start":{"line":25,"column":0},"end":{"line":25,"column":8}},"25":{"start":{"line":26,"column":0},"end":{"line":26,"column":5}},"26":{"start":{"line":27,"column":0},"end":{"line":27,"column":36}},"27":{"start":{"line":28,"column":0},"end":{"line":28,"column":14}},"28":{"start":{"line":29,"column":0},"end":{"line":29,"column":26}},"29":{"start":{"line":30,"column":0},"end":{"line":30,"column":12}},"30":{"start":{"line":31,"column":0},"end":{"line":31,"column":15}},"31":{"start":{"line":32,"column":0},"end":{"line":32,"column":8}},"32":{"start":{"line":33,"column":0},"end":{"line":33,"column":5}},"33":{"start":{"line":34,"column":0},"end":{"line":34,"column":39}},"34":{"start":{"line":35,"column":0},"end":{"line":35,"column":14}},"35":{"start":{"line":36,"column":0},"end":{"line":36,"column":24}},"36":{"start":{"line":37,"column":0},"end":{"line":37,"column":12}},"37":{"start":{"line":38,"column":0},"end":{"line":38,"column":15}},"38":{"start":{"line":39,"column":0},"end":{"line":39,"column":8}},"39":{"start":{"line":40,"column":0},"end":{"line":40,"column":5}},"40":{"start":{"line":41,"column":0},"end":{"line":41,"column":12}},"41":{"start":{"line":42,"column":0},"end":{"line":42,"column":18}},"42":{"start":{"line":43,"column":0},"end":{"line":43,"column":10}},"43":{"start":{"line":44,"column":0},"end":{"line":44,"column":13}},"44":{"start":{"line":45,"column":0},"end":{"line":45,"column":6}},"45":{"start":{"line":46,"column":0},"end":{"line":46,"column":5}},"46":{"start":{"line":47,"column":0},"end":{"line":47,"column":0}},"47":{"start":{"line":48,"column":0},"end":{"line":48,"column":16}},"48":{"start":{"line":49,"column":0},"end":{"line":49,"column":2}},"49":{"start":{"line":50,"column":0},"end":{"line":50,"column":0}},"50":{"start":{"line":51,"column":0},"end":{"line":51,"column":43}},"51":{"start":{"line":52,"column":0},"end":{"line":52,"column":49}},"52":{"start":{"line":53,"column":0},"end":{"line":53,"column":49}},"53":{"start":{"line":54,"column":0},"end":{"line":54,"column":0}},"54":{"start":{"line":55,"column":0},"end":{"line":55,"column":83}},"55":{"start":{"line":56,"column":0},"end":{"line":56,"column":0}},"56":{"start":{"line":57,"column":0},"end":{"line":57,"column":48}},"57":{"start":{"line":58,"column":0},"end":{"line":58,"column":31}},"58":{"start":{"line":59,"column":0},"end":{"line":59,"column":23}},"59":{"start":{"line":60,"column":0},"end":{"line":60,"column":21}},"60":{"start":{"line":61,"column":0},"end":{"line":61,"column":80}},"61":{"start":{"line":62,"column":0},"end":{"line":62,"column":23}},"62":{"start":{"line":63,"column":0},"end":{"line":63,"column":48}},"63":{"start":{"line":64,"column":0},"end":{"line":64,"column":21}},"64":{"start":{"line":65,"column":0},"end":{"line":65,"column":48}},"65":{"start":{"line":66,"column":0},"end":{"line":66,"column":17}},"66":{"start":{"line":67,"column":0},"end":{"line":67,"column":48}},"67":{"start":{"line":68,"column":0},"end":{"line":68,"column":14}},"68":{"start":{"line":69,"column":0},"end":{"line":69,"column":20}},"69":{"start":{"line":70,"column":0},"end":{"line":70,"column":5}},"70":{"start":{"line":71,"column":0},"end":{"line":71,"column":5}},"71":{"start":{"line":72,"column":0},"end":{"line":72,"column":38}},"72":{"start":{"line":73,"column":0},"end":{"line":73,"column":2}},"73":{"start":{"line":74,"column":0},"end":{"line":74,"column":0}},"74":{"start":{"line":75,"column":0},"end":{"line":75,"column":23}}},"s":{"0":1,"1":1,"2":1,"3":1,"4":1,"5":1,"6":1,"7":1,"8":1,"9":1,"10":1,"11":1,"12":1,"13":1,"14":1,"15":1,"16":5,"17":5,"18":5,"19":1,"20":1,"21":1,"22":1,"23":1,"24":1,"25":1,"26":5,"27":1,"28":1,"29":1,"30":1,"31":1,"32":1,"33":5,"34":2,"35":2,"36":2,"37":2,"38":2,"39":2,"40":1,"41":1,"42":1,"43":1,"44":1,"45":1,"46":1,"47":1,"48":1,"49":1,"50":1,"51":1,"52":1,"53":1,"54":1,"55":1,"56":1,"57":5,"58":5,"59":5,"60":5,"61":5,"62":5,"63":5,"64":5,"65":5,"66":5,"67":5,"68":5,"69":5,"70":5,"71":1,"72":1,"73":1,"74":1},"branchMap":{"0":{"type":"branch","line":6,"loc":{"start":{"line":6,"column":21},"end":{"line":6,"column":42}},"locations":[{"start":{"line":6,"column":21},"end":{"line":6,"column":42}}]},"1":{"type":"branch","line":7,"loc":{"start":{"line":7,"column":18},"end":{"line":7,"column":40}},"locations":[{"start":{"line":7,"column":18},"end":{"line":7,"column":40}}]},"2":{"type":"branch","line":9,"loc":{"start":{"line":9,"column":20},"end":{"line":9,"column":33}},"locations":[{"start":{"line":9,"column":20},"end":{"line":9,"column":33}}]},"3":{"type":"branch","line":11,"loc":{"start":{"line":11,"column":27},"end":{"line":49,"column":2}},"locations":[{"start":{"line":11,"column":27},"end":{"line":49,"column":2}}]},"4":{"type":"branch","line":16,"loc":{"start":{"line":16,"column":33},"end":{"line":46,"column":5}},"locations":[{"start":{"line":16,"column":33},"end":{"line":46,"column":5}}]},"5":{"type":"branch","line":19,"loc":{"start":{"line":19,"column":15},"end":{"line":19,"column":31}},"locations":[{"start":{"line":19,"column":15},"end":{"line":19,"column":31}}]},"6":{"type":"branch","line":19,"loc":{"start":{"line":19,"column":8},"end":{"line":19,"column":51}},"locations":[{"start":{"line":19,"column":8},"end":{"line":19,"column":51}}]},"7":{"type":"branch","line":19,"loc":{"start":{"line":19,"column":51},"end":{"line":26,"column":5}},"locations":[{"start":{"line":19,"column":51},"end":{"line":26,"column":5}}]},"8":{"type":"branch","line":27,"loc":{"start":{"line":27,"column":-1},"end":{"line":27,"column":8}},"locations":[{"start":{"line":27,"column":-1},"end":{"line":27,"column":8}}]},"9":{"type":"branch","line":27,"loc":{"start":{"line":27,"column":35},"end":{"line":33,"column":5}},"locations":[{"start":{"line":27,"column":35},"end":{"line":33,"column":5}}]},"10":{"type":"branch","line":34,"loc":{"start":{"line":34,"column":-1},"end":{"line":34,"column":8}},"locations":[{"start":{"line":34,"column":-1},"end":{"line":34,"column":8}}]},"11":{"type":"branch","line":34,"loc":{"start":{"line":34,"column":38},"end":{"line":40,"column":5}},"locations":[{"start":{"line":34,"column":38},"end":{"line":40,"column":5}}]},"12":{"type":"branch","line":41,"loc":{"start":{"line":41,"column":-1},"end":{"line":46,"column":5}},"locations":[{"start":{"line":41,"column":-1},"end":{"line":46,"column":5}}]},"13":{"type":"branch","line":51,"loc":{"start":{"line":51,"column":16},"end":{"line":73,"column":2}},"locations":[{"start":{"line":51,"column":16},"end":{"line":73,"column":2}}]},"14":{"type":"branch","line":57,"loc":{"start":{"line":57,"column":38},"end":{"line":71,"column":5}},"locations":[{"start":{"line":57,"column":38},"end":{"line":71,"column":5}}]},"15":{"type":"branch","line":60,"loc":{"start":{"line":60,"column":6},"end":{"line":61,"column":16}},"locations":[{"start":{"line":60,"column":6},"end":{"line":61,"column":16}}]},"16":{"type":"branch","line":62,"loc":{"start":{"line":62,"column":6},"end":{"line":63,"column":16}},"locations":[{"start":{"line":62,"column":6},"end":{"line":63,"column":16}}]},"17":{"type":"branch","line":64,"loc":{"start":{"line":64,"column":6},"end":{"line":65,"column":16}},"locations":[{"start":{"line":64,"column":6},"end":{"line":65,"column":16}}]},"18":{"type":"branch","line":66,"loc":{"start":{"line":66,"column":6},"end":{"line":67,"column":16}},"locations":[{"start":{"line":66,"column":6},"end":{"line":67,"column":16}}]},"19":{"type":"branch","line":68,"loc":{"start":{"line":68,"column":6},"end":{"line":69,"column":15}},"locations":[{"start":{"line":68,"column":6},"end":{"line":69,"column":15}}]}},"b":{"0":[2],"1":[2],"2":[2],"3":[1],"4":[5],"5":[3],"6":[2],"7":[1],"8":[4],"9":[1],"10":[3],"11":[2],"12":[1],"13":[1],"14":[5],"15":[1],"16":[1],"17":[2],"18":[1],"19":[0]},"fnMap":{"0":{"name":"getFilePath","decl":{"start":{"line":6,"column":21},"end":{"line":6,"column":42}},"loc":{"start":{"line":6,"column":21},"end":{"line":6,"column":42}},"line":6},"1":{"name":"readFile","decl":{"start":{"line":7,"column":18},"end":{"line":7,"column":40}},"loc":{"start":{"line":7,"column":18},"end":{"line":7,"column":40}},"line":7},"2":{"name":"parsesFile","decl":{"start":{"line":9,"column":20},"end":{"line":9,"column":33}},"loc":{"start":{"line":9,"column":20},"end":{"line":9,"column":33}},"line":9},"3":{"name":"getDiffInformation","decl":{"start":{"line":11,"column":27},"end":{"line":49,"column":2}},"loc":{"start":{"line":11,"column":27},"end":{"line":49,"column":2}},"line":11},"4":{"name":"gendiff","decl":{"start":{"line":51,"column":16},"end":{"line":73,"column":2}},"loc":{"start":{"line":51,"column":16},"end":{"line":73,"column":2}},"line":51}},"f":{"0":2,"1":2,"2":2,"3":1,"4":1}}
}
