TN:
SF:src/index.js
FN:6,getFilePath
FN:7,readFile
FN:9,parsesFile
FN:11,getDiffInformation
FN:51,gendiff
FNF:5
FNH:5
FNDA:2,getFilePath
FNDA:2,readFile
FNDA:2,parsesFile
FNDA:1,getDiffInformation
FNDA:1,gendiff
DA:1,1
DA:2,1
DA:3,1
DA:4,1
DA:5,1
DA:6,1
DA:7,1
DA:8,1
DA:9,1
DA:10,1
DA:11,1
DA:12,1
DA:13,1
DA:14,1
DA:15,1
DA:16,1
DA:17,5
DA:18,5
DA:19,5
DA:20,1
DA:21,1
DA:22,1
DA:23,1
DA:24,1
DA:25,1
DA:26,1
DA:27,5
DA:28,1
DA:29,1
DA:30,1
DA:31,1
DA:32,1
DA:33,1
DA:34,5
DA:35,2
DA:36,2
DA:37,2
DA:38,2
DA:39,2
DA:40,2
DA:41,1
DA:42,1
DA:43,1
DA:44,1
DA:45,1
DA:46,1
DA:47,1
DA:48,1
DA:49,1
DA:50,1
DA:51,1
DA:52,1
DA:53,1
DA:54,1
DA:55,1
DA:56,1
DA:57,1
DA:58,5
DA:59,5
DA:60,5
DA:61,5
DA:62,5
DA:63,5
DA:64,5
DA:65,5
DA:66,5
DA:67,5
DA:68,5
DA:69,5
DA:70,5
DA:71,5
DA:72,1
DA:73,1
DA:74,1
DA:75,1
LF:75
LH:75
BRDA:6,0,0,2
BRDA:7,1,0,2
BRDA:9,2,0,2
BRDA:11,3,0,1
BRDA:16,4,0,5
BRDA:19,5,0,3
BRDA:19,6,0,2
BRDA:19,7,0,1
BRDA:27,8,0,4
BRDA:27,9,0,1
BRDA:34,10,0,3
BRDA:34,11,0,2
BRDA:41,12,0,1
BRDA:51,13,0,1
BRDA:57,14,0,5
BRDA:60,15,0,1
BRDA:62,16,0,1
BRDA:64,17,0,2
BRDA:66,18,0,1
BRDA:68,19,0,0
BRF:20
BRH:19
end_of_record
